"EventID","MachineName","Data","Index","Category","CategoryNumber","EntryType","Message","Source","ReplacementStrings","InstanceId","TimeGenerated","TimeWritten","UserName","Site","Container"
"5447","LHNR90C1HAX.am.adecco.net","System.Byte[]","844651","(13573)","13573","SuccessAudit","A Windows Filtering Platform filter has been changed.
	
Subject:
	Security ID:		S-1-5-19
	Account Name:		NT AUTHORITY\LOCAL SERVICE

Process Information:
	Process ID:	1252

Provider Information:
	ID:		{4B153735-1049-4480-AAB4-D1B9BDC03710}
	Name:		Microsoft Corporation

Change Information:
	Change Type:	%%16385

Filter Information:
	ID:		{7323A799-EED3-41F7-96DA-79622A2EBCBB}
	Name:		Wi-Fi Direct ASP Coordination Protocol (UDP-In)
	Type:		%%16388
	Run-Time ID:	173913

Layer Information:
	ID:		{A3B42C97-9F04-4672-B87E-CEE9C483257F}
	Name:		ALE Receive/Accept v6 Layer
	Run-Time ID:	46

Callout Information:
	ID:		{00000000-0000-0000-0000-000000000000}
	Name:		-

Additional Information:
	Weight:	36277217994473472	
	Conditions:	
	Condition ID:	{d78e1e87-8644-4ea5-9437-d809ecefc971}
	Match value:	Equal to
	Condition value:	
    00000000  5c 00 64 00 65 00 76 00-69 00 63 00 65 00 5c 00  \.d.e.v.i.c.e.\.
    00000010  68 00 61 00 72 00 64 00-64 00 69 00 73 00 6b 00  h.a.r.d.d.i.s.k.
    00000020  76 00 6f 00 6c 00 75 00-6d 00 65 00 32 00 5c 00  v.o.l.u.m.e.2.\.
    00000030  77 00 69 00 6e 00 64 00-6f 00 77 00 73 00 5c 00  w.i.n.d.o.w.s.\.
    00000040  73 00 79 00 73 00 74 00-65 00 6d 00 33 00 32 00  s.y.s.t.e.m.3.2.
    00000050  5c 00 73 00 76 00 63 00-68 00 6f 00 73 00 74 00  \.s.v.c.h.o.s.t.
    00000060  2e 00 65 00 78 00 65 00-00 00                    ..e.x.e...


	Condition ID:	{af043a0a-b34d-4f86-979c-c90371af6e66}
	Match value:	Equal to
	Condition value:	
O:SYG:SYD:(A;;CCRC;;;S-1-5-80-1428027539-3309602793-2678353003-1498846795-3763184142)


	Condition ID:	{0c1ba1af-5765-453f-af22-a8f791ac775b}
	Match value:	Equal to
	Condition value:	0x1c43

	Condition ID:	{b235ae9a-1d64-49b8-a44c-5ff3d9095045}
	Match value:	In range
	Condition value:	ff000000000000000000000000000000 - ffffffffffffffffffffffffffffffff

	Condition ID:	{511166dc-7a8c-4aa7-b533-95ab59fb0340}
	Match value:	Equal to
	Condition value:	0x00000000

	Condition ID:	{3971ef2b-623e-4f9a-8cb1-6e79b806b9a7}
	Match value:	Equal to
	Condition value:	0x11

	Condition ID:	{c35a604d-d22b-4e1a-91b4-68f674ee674b}
	Match value:	Equal to
	Condition value:	0x1c43

	Filter Action:	%%16390","Microsoft-Windows-Security-Auditing","System.String[]","5447","10-03-2017 22:44:33","10-03-2017 22:44:33",,,
"5447","LHNR90C1HAX.am.adecco.net","System.Byte[]","844650","(13573)","13573","SuccessAudit","A Windows Filtering Platform filter has been changed.
	
Subject:
	Security ID:		S-1-5-19
	Account Name:		NT AUTHORITY\LOCAL SERVICE

Process Information:
	Process ID:	1252

Provider Information:
	ID:		{4B153735-1049-4480-AAB4-D1B9BDC03710}
	Name:		Microsoft Corporation

Change Information:
	Change Type:	%%16385

Filter Information:
	ID:		{CE0603C1-5118-4B07-8189-B10D1236B8F6}
	Name:		Wi-Fi Direct ASP Coordination Protocol (UDP-In)
	Type:		%%16388
	Run-Time ID:	173912

Layer Information:
	ID:		{A3B42C97-9F04-4672-B87E-CEE9C483257F}
	Name:		ALE Receive/Accept v6 Layer
	Run-Time ID:	46

Callout Information:
	ID:		{00000000-0000-0000-0000-000000000000}
	Name:		-

Additional Information:
	Weight:	288478805717155840	
	Conditions:	
	Condition ID:	{d78e1e87-8644-4ea5-9437-d809ecefc971}
	Match value:	Equal to
	Condition value:	
    00000000  5c 00 64 00 65 00 76 00-69 00 63 00 65 00 5c 00  \.d.e.v.i.c.e.\.
    00000010  68 00 61 00 72 00 64 00-64 00 69 00 73 00 6b 00  h.a.r.d.d.i.s.k.
    00000020  76 00 6f 00 6c 00 75 00-6d 00 65 00 32 00 5c 00  v.o.l.u.m.e.2.\.
    00000030  77 00 69 00 6e 00 64 00-6f 00 77 00 73 00 5c 00  w.i.n.d.o.w.s.\.
    00000040  73 00 79 00 73 00 74 00-65 00 6d 00 33 00 32 00  s.y.s.t.e.m.3.2.
    00000050  5c 00 73 00 76 00 63 00-68 00 6f 00 73 00 74 00  \.s.v.c.h.o.s.t.
    00000060  2e 00 65 00 78 00 65 00-00 00                    ..e.x.e...


	Condition ID:	{af043a0a-b34d-4f86-979c-c90371af6e66}
	Match value:	Equal to
	Condition value:	
O:SYG:SYD:(A;;CCRC;;;S-1-5-80-1428027539-3309602793-2678353003-1498846795-3763184142)


	Condition ID:	{0c1ba1af-5765-453f-af22-a8f791ac775b}
	Match value:	Equal to
	Condition value:	0x1c43

	Condition ID:	{b235ae9a-1d64-49b8-a44c-5ff3d9095045}
	Match value:	In range
	Condition value:	fe800000000000000000000000000000 - fe80000000000000ffffffffffffffff

	Condition ID:	{72b1a111-987b-4720-99dd-c7c576fa2d4c}
	Match value:	Equal to
	Condition value:	0x00000000

	Condition ID:	{3971ef2b-623e-4f9a-8cb1-6e79b806b9a7}
	Match value:	Equal to
	Condition value:	0x11

	Condition ID:	{c35a604d-d22b-4e1a-91b4-68f674ee674b}
	Match value:	Equal to
	Condition value:	0x1c43

	Condition ID:	{632ce23b-5167-435c-86d7-e903684aa80c}
	Match value:	All flags set
	Condition value:	0x00000004

	Filter Action:	%%16390","Microsoft-Windows-Security-Auditing","System.String[]","5447","10-03-2017 22:44:33","10-03-2017 22:44:33",,,
"5447","LHNR90C1HAX.am.adecco.net","System.Byte[]","844649","(13573)","13573","SuccessAudit","A Windows Filtering Platform filter has been changed.
	
Subject:
	Security ID:		S-1-5-19
	Account Name:		NT AUTHORITY\LOCAL SERVICE

Process Information:
	Process ID:	1252

Provider Information:
	ID:		{4B153735-1049-4480-AAB4-D1B9BDC03710}
	Name:		Microsoft Corporation

Change Information:
	Change Type:	%%16385

Filter Information:
	ID:		{D22995B5-5405-44D9-B96A-31869CFD8111}
	Name:		Wi-Fi Direct ASP Coordination Protocol (UDP-In)
	Type:		%%16388
	Run-Time ID:	173911

Layer Information:
	ID:		{A3B42C97-9F04-4672-B87E-CEE9C483257F}
	Name:		ALE Receive/Accept v6 Layer
	Run-Time ID:	46

Callout Information:
	ID:		{00000000-0000-0000-0000-000000000000}
	Name:		-

Additional Information:
	Weight:	288478797127221248	
	Conditions:	
	Condition ID:	{d78e1e87-8644-4ea5-9437-d809ecefc971}
	Match value:	Equal to
	Condition value:	
    00000000  5c 00 64 00 65 00 76 00-69 00 63 00 65 00 5c 00  \.d.e.v.i.c.e.\.
    00000010  68 00 61 00 72 00 64 00-64 00 69 00 73 00 6b 00  h.a.r.d.d.i.s.k.
    00000020  76 00 6f 00 6c 00 75 00-6d 00 65 00 32 00 5c 00  v.o.l.u.m.e.2.\.
    00000030  77 00 69 00 6e 00 64 00-6f 00 77 00 73 00 5c 00  w.i.n.d.o.w.s.\.
    00000040  73 00 79 00 73 00 74 00-65 00 6d 00 33 00 32 00  s.y.s.t.e.m.3.2.
    00000050  5c 00 73 00 76 00 63 00-68 00 6f 00 73 00 74 00  \.s.v.c.h.o.s.t.
    00000060  2e 00 65 00 78 00 65 00-00 00                    ..e.x.e...


	Condition ID:	{af043a0a-b34d-4f86-979c-c90371af6e66}
	Match value:	Equal to
	Condition value:	
O:SYG:SYD:(A;;CCRC;;;S-1-5-80-1428027539-3309602793-2678353003-1498846795-3763184142)


	Condition ID:	{0c1ba1af-5765-453f-af22-a8f791ac775b}
	Match value:	Equal to
	Condition value:	0x1c43

	Condition ID:	{b235ae9a-1d64-49b8-a44c-5ff3d9095045}
	Match value:	In range
	Condition value:	fe800000000000000000000000000000 - fe80000000000000ffffffffffffffff

	Condition ID:	{511166dc-7a8c-4aa7-b533-95ab59fb0340}
	Match value:	Equal to
	Condition value:	0x00000000

	Condition ID:	{3971ef2b-623e-4f9a-8cb1-6e79b806b9a7}
	Match value:	Equal to
	Condition value:	0x11

	Condition ID:	{c35a604d-d22b-4e1a-91b4-68f674ee674b}
	Match value:	Equal to
	Condition value:	0x1c43

	Filter Action:	%%16390","Microsoft-Windows-Security-Auditing","System.String[]","5447","10-03-2017 22:44:33","10-03-2017 22:44:33",,,
"5447","LHNR90C1HAX.am.adecco.net","System.Byte[]","844648","(13573)","13573","SuccessAudit","A Windows Filtering Platform filter has been changed.
	
Subject:
	Security ID:		S-1-5-19
	Account Name:		NT AUTHORITY\LOCAL SERVICE

Process Information:
	Process ID:	1252

Provider Information:
	ID:		{4B153735-1049-4480-AAB4-D1B9BDC03710}
	Name:		Microsoft Corporation

Change Information:
	Change Type:	%%16385

Filter Information:
	ID:		{7F63C2F8-142A-4437-9728-0924A1F67FC6}
	Name:		Wi-Fi Direct ASP Coordination Protocol (UDP-In)
	Type:		%%16388
	Run-Time ID:	173910

Layer Information:
	ID:		{E1CD9FE7-F4B5-4273-96C0-592E487B8650}
	Name:		ALE Receive/Accept v4 Layer
	Run-Time ID:	44

Callout Information:
	ID:		{00000000-0000-0000-0000-000000000000}
	Name:		-

Additional Information:
	Weight:	74172814160035840	
	Conditions:	
	Condition ID:	{d78e1e87-8644-4ea5-9437-d809ecefc971}
	Match value:	Equal to
	Condition value:	
    00000000  5c 00 64 00 65 00 76 00-69 00 63 00 65 00 5c 00  \.d.e.v.i.c.e.\.
    00000010  68 00 61 00 72 00 64 00-64 00 69 00 73 00 6b 00  h.a.r.d.d.i.s.k.
    00000020  76 00 6f 00 6c 00 75 00-6d 00 65 00 32 00 5c 00  v.o.l.u.m.e.2.\.
    00000030  77 00 69 00 6e 00 64 00-6f 00 77 00 73 00 5c 00  w.i.n.d.o.w.s.\.
    00000040  73 00 79 00 73 00 74 00-65 00 6d 00 33 00 32 00  s.y.s.t.e.m.3.2.
    00000050  5c 00 73 00 76 00 63 00-68 00 6f 00 73 00 74 00  \.s.v.c.h.o.s.t.
    00000060  2e 00 65 00 78 00 65 00-00 00                    ..e.x.e...


	Condition ID:	{af043a0a-b34d-4f86-979c-c90371af6e66}
	Match value:	Equal to
	Condition value:	
O:SYG:SYD:(A;;CCRC;;;S-1-5-80-1428027539-3309602793-2678353003-1498846795-3763184142)


	Condition ID:	{0c1ba1af-5765-453f-af22-a8f791ac775b}
	Match value:	Equal to
	Condition value:	0x1c43

	Condition ID:	{b235ae9a-1d64-49b8-a44c-5ff3d9095045}
	Match value:	In range
	Condition value:	0xe0000000 - 0xefffffff

	Condition ID:	{72b1a111-987b-4720-99dd-c7c576fa2d4c}
	Match value:	Equal to
	Condition value:	0x00000000

	Condition ID:	{3971ef2b-623e-4f9a-8cb1-6e79b806b9a7}
	Match value:	Equal to
	Condition value:	0x11

	Condition ID:	{c35a604d-d22b-4e1a-91b4-68f674ee674b}
	Match value:	Equal to
	Condition value:	0x1c43

	Condition ID:	{632ce23b-5167-435c-86d7-e903684aa80c}
	Match value:	All flags set
	Condition value:	0x00000004

	Filter Action:	%%16390","Microsoft-Windows-Security-Auditing","System.String[]","5447","10-03-2017 22:44:33","10-03-2017 22:44:33",,,
"5447","LHNR90C1HAX.am.adecco.net","System.Byte[]","844647","(13573)","13573","SuccessAudit","A Windows Filtering Platform filter has been changed.
	
Subject:
	Security ID:		S-1-5-19
	Account Name:		NT AUTHORITY\LOCAL SERVICE

Process Information:
	Process ID:	1252

Provider Information:
	ID:		{4B153735-1049-4480-AAB4-D1B9BDC03710}
	Name:		Microsoft Corporation

Change Information:
	Change Type:	%%16385

Filter Information:
	ID:		{059BC6EB-222E-4AA0-999D-168A6171721B}
	Name:		Wi-Fi Direct ASP Coordination Protocol (UDP-In)
	Type:		%%16388
	Run-Time ID:	173909

Layer Information:
	ID:		{E1CD9FE7-F4B5-4273-96C0-592E487B8650}
	Name:		ALE Receive/Accept v4 Layer
	Run-Time ID:	44

Callout Information:
	ID:		{00000000-0000-0000-0000-000000000000}
	Name:		-

Additional Information:
	Weight:	74172779800297472	
	Conditions:	
	Condition ID:	{d78e1e87-8644-4ea5-9437-d809ecefc971}
	Match value:	Equal to
	Condition value:	
    00000000  5c 00 64 00 65 00 76 00-69 00 63 00 65 00 5c 00  \.d.e.v.i.c.e.\.
    00000010  68 00 61 00 72 00 64 00-64 00 69 00 73 00 6b 00  h.a.r.d.d.i.s.k.
    00000020  76 00 6f 00 6c 00 75 00-6d 00 65 00 32 00 5c 00  v.o.l.u.m.e.2.\.
    00000030  77 00 69 00 6e 00 64 00-6f 00 77 00 73 00 5c 00  w.i.n.d.o.w.s.\.
    00000040  73 00 79 00 73 00 74 00-65 00 6d 00 33 00 32 00  s.y.s.t.e.m.3.2.
    00000050  5c 00 73 00 76 00 63 00-68 00 6f 00 73 00 74 00  \.s.v.c.h.o.s.t.
    00000060  2e 00 65 00 78 00 65 00-00 00                    ..e.x.e...


	Condition ID:	{af043a0a-b34d-4f86-979c-c90371af6e66}
	Match value:	Equal to
	Condition value:	
O:SYG:SYD:(A;;CCRC;;;S-1-5-80-1428027539-3309602793-2678353003-1498846795-3763184142)


	Condition ID:	{0c1ba1af-5765-453f-af22-a8f791ac775b}
	Match value:	Equal to
	Condition value:	0x1c43

	Condition ID:	{b235ae9a-1d64-49b8-a44c-5ff3d9095045}
	Match value:	In range
	Condition value:	0xe0000000 - 0xefffffff

	Condition ID:	{511166dc-7a8c-4aa7-b533-95ab59fb0340}
	Match value:	Equal to
	Condition value:	0x00000000

	Condition ID:	{3971ef2b-623e-4f9a-8cb1-6e79b806b9a7}
	Match value:	Equal to
	Condition value:	0x11

	Condition ID:	{c35a604d-d22b-4e1a-91b4-68f674ee674b}
	Match value:	Equal to
	Condition value:	0x1c43

	Filter Action:	%%16390","Microsoft-Windows-Security-Auditing","System.String[]","5447","10-03-2017 22:44:33","10-03-2017 22:44:33",,,
"5447","LHNR90C1HAX.am.adecco.net","System.Byte[]","844646","(13573)","13573","SuccessAudit","A Windows Filtering Platform filter has been changed.
	
Subject:
	Security ID:		S-1-5-19
	Account Name:		NT AUTHORITY\LOCAL SERVICE

Process Information:
	Process ID:	1252

Provider Information:
	ID:		{4B153735-1049-4480-AAB4-D1B9BDC03710}
	Name:		Microsoft Corporation

Change Information:
	Change Type:	%%16385

Filter Information:
	ID:		{C71E02C2-3F81-4761-82EE-B61E4B0E7968}
	Name:		Wi-Fi Direct ASP Coordination Protocol (UDP-In)
	Type:		%%16388
	Run-Time ID:	173908

Layer Information:
	ID:		{E1CD9FE7-F4B5-4273-96C0-592E487B8650}
	Name:		ALE Receive/Accept v4 Layer
	Run-Time ID:	44

Callout Information:
	ID:		{00000000-0000-0000-0000-000000000000}
	Name:		-

Additional Information:
	Weight:	434460784349675520	
	Conditions:	
	Condition ID:	{d78e1e87-8644-4ea5-9437-d809ecefc971}
	Match value:	Equal to
	Condition value:	
    00000000  5c 00 64 00 65 00 76 00-69 00 63 00 65 00 5c 00  \.d.e.v.i.c.e.\.
    00000010  68 00 61 00 72 00 64 00-64 00 69 00 73 00 6b 00  h.a.r.d.d.i.s.k.
    00000020  76 00 6f 00 6c 00 75 00-6d 00 65 00 32 00 5c 00  v.o.l.u.m.e.2.\.
    00000030  77 00 69 00 6e 00 64 00-6f 00 77 00 73 00 5c 00  w.i.n.d.o.w.s.\.
    00000040  73 00 79 00 73 00 74 00-65 00 6d 00 33 00 32 00  s.y.s.t.e.m.3.2.
    00000050  5c 00 73 00 76 00 63 00-68 00 6f 00 73 00 74 00  \.s.v.c.h.o.s.t.
    00000060  2e 00 65 00 78 00 65 00-00 00                    ..e.x.e...


	Condition ID:	{af043a0a-b34d-4f86-979c-c90371af6e66}
	Match value:	Equal to
	Condition value:	
O:SYG:SYD:(A;;CCRC;;;S-1-5-80-1428027539-3309602793-2678353003-1498846795-3763184142)


	Condition ID:	{0c1ba1af-5765-453f-af22-a8f791ac775b}
	Match value:	Equal to
	Condition value:	0x1c43

	Condition ID:	{b235ae9a-1d64-49b8-a44c-5ff3d9095045}
	Match value:	In range
	Condition value:	0x0a05c000 - 0x0a05c0ff

	Condition ID:	{72b1a111-987b-4720-99dd-c7c576fa2d4c}
	Match value:	Equal to
	Condition value:	0x00000000

	Condition ID:	{3971ef2b-623e-4f9a-8cb1-6e79b806b9a7}
	Match value:	Equal to
	Condition value:	0x11

	Condition ID:	{c35a604d-d22b-4e1a-91b4-68f674ee674b}
	Match value:	Equal to
	Condition value:	0x1c43

	Condition ID:	{632ce23b-5167-435c-86d7-e903684aa80c}
	Match value:	All flags set
	Condition value:	0x00000004

	Filter Action:	%%16390","Microsoft-Windows-Security-Auditing","System.String[]","5447","10-03-2017 22:44:33","10-03-2017 22:44:33",,,
"5447","LHNR90C1HAX.am.adecco.net","System.Byte[]","844645","(13573)","13573","SuccessAudit","A Windows Filtering Platform filter has been changed.
	
Subject:
	Security ID:		S-1-5-19
	Account Name:		NT AUTHORITY\LOCAL SERVICE

Process Information:
	Process ID:	1252

Provider Information:
	ID:		{4B153735-1049-4480-AAB4-D1B9BDC03710}
	Name:		Microsoft Corporation

Change Information:
	Change Type:	%%16385

Filter Information:
	ID:		{42B92E80-26D5-4666-A7DB-D2863AB9F7F6}
	Name:		Wi-Fi Direct ASP Coordination Protocol (UDP-In)
	Type:		%%16388
	Run-Time ID:	173907

Layer Information:
	ID:		{E1CD9FE7-F4B5-4273-96C0-592E487B8650}
	Name:		ALE Receive/Accept v4 Layer
	Run-Time ID:	44

Callout Information:
	ID:		{00000000-0000-0000-0000-000000000000}
	Name:		-

Additional Information:
	Weight:	434460749989937152	
	Conditions:	
	Condition ID:	{d78e1e87-8644-4ea5-9437-d809ecefc971}
	Match value:	Equal to
	Condition value:	
    00000000  5c 00 64 00 65 00 76 00-69 00 63 00 65 00 5c 00  \.d.e.v.i.c.e.\.
    00000010  68 00 61 00 72 00 64 00-64 00 69 00 73 00 6b 00  h.a.r.d.d.i.s.k.
    00000020  76 00 6f 00 6c 00 75 00-6d 00 65 00 32 00 5c 00  v.o.l.u.m.e.2.\.
    00000030  77 00 69 00 6e 00 64 00-6f 00 77 00 73 00 5c 00  w.i.n.d.o.w.s.\.
    00000040  73 00 79 00 73 00 74 00-65 00 6d 00 33 00 32 00  s.y.s.t.e.m.3.2.
    00000050  5c 00 73 00 76 00 63 00-68 00 6f 00 73 00 74 00  \.s.v.c.h.o.s.t.
    00000060  2e 00 65 00 78 00 65 00-00 00                    ..e.x.e...


	Condition ID:	{af043a0a-b34d-4f86-979c-c90371af6e66}
	Match value:	Equal to
	Condition value:	
O:SYG:SYD:(A;;CCRC;;;S-1-5-80-1428027539-3309602793-2678353003-1498846795-3763184142)


	Condition ID:	{0c1ba1af-5765-453f-af22-a8f791ac775b}
	Match value:	Equal to
	Condition value:	0x1c43

	Condition ID:	{b235ae9a-1d64-49b8-a44c-5ff3d9095045}
	Match value:	In range
	Condition value:	0x0a05c000 - 0x0a05c0ff

	Condition ID:	{511166dc-7a8c-4aa7-b533-95ab59fb0340}
	Match value:	Equal to
	Condition value:	0x00000000

	Condition ID:	{3971ef2b-623e-4f9a-8cb1-6e79b806b9a7}
	Match value:	Equal to
	Condition value:	0x11

	Condition ID:	{c35a604d-d22b-4e1a-91b4-68f674ee674b}
	Match value:	Equal to
	Condition value:	0x1c43

	Filter Action:	%%16390","Microsoft-Windows-Security-Auditing","System.String[]","5447","10-03-2017 22:44:33","10-03-2017 22:44:33",,,
"5447","LHNR90C1HAX.am.adecco.net","System.Byte[]","844644","(13573)","13573","SuccessAudit","A Windows Filtering Platform filter has been changed.
	
Subject:
	Security ID:		S-1-5-19
	Account Name:		NT AUTHORITY\LOCAL SERVICE

Process Information:
	Process ID:	1252

Provider Information:
	ID:		{4B153735-1049-4480-AAB4-D1B9BDC03710}
	Name:		Microsoft Corporation

Change Information:
	Change Type:	%%16385

Filter Information:
	ID:		{BE2C3832-5CFF-436C-82F6-9F2572EDF737}
	Name:		Allow Out http traffic from WinDefend
	Type:		%%16388
	Run-Time ID:	173688

Layer Information:
	ID:		{4A72393B-319F-44BC-84C3-BA54DCB3B6B4}
	Name:		ALE Connect v6 Layer
	Run-Time ID:	50

Callout Information:
	ID:		{00000000-0000-0000-0000-000000000000}
	Name:		-

Additional Information:
	Weight:	106085692211200	
	Conditions:	
	Condition ID:	{d78e1e87-8644-4ea5-9437-d809ecefc971}
	Match value:	Equal to
	Condition value:	
    00000000  5c 00 64 00 65 00 76 00-69 00 63 00 65 00 5c 00  \.d.e.v.i.c.e.\.
    00000010  68 00 61 00 72 00 64 00-64 00 69 00 73 00 6b 00  h.a.r.d.d.i.s.k.
    00000020  76 00 6f 00 6c 00 75 00-6d 00 65 00 32 00 5c 00  v.o.l.u.m.e.2.\.
    00000030  70 00 72 00 6f 00 67 00-72 00 61 00 6d 00 20 00  p.r.o.g.r.a.m. .
    00000040  66 00 69 00 6c 00 65 00-73 00 5c 00 77 00 69 00  f.i.l.e.s.\.w.i.
    00000050  6e 00 64 00 6f 00 77 00-73 00 20 00 64 00 65 00  n.d.o.w.s. .d.e.
    00000060  66 00 65 00 6e 00 64 00-65 00 72 00 5c 00 6d 00  f.e.n.d.e.r.\.m.
    00000070  73 00 6d 00 70 00 65 00-6e 00 67 00 2e 00 65 00  s.m.p.e.n.g...e.
    00000080  78 00 65 00 00 00                                x.e...


	Condition ID:	{af043a0a-b34d-4f86-979c-c90371af6e66}
	Match value:	Equal to
	Condition value:	
O:SYG:SYD:(A;;CCRC;;;S-1-5-80-1913148863-3492339771-4165695881-2087618961-4109116736)


	Condition ID:	{3971ef2b-623e-4f9a-8cb1-6e79b806b9a7}
	Match value:	Equal to
	Condition value:	0x06

	Condition ID:	{c35a604d-d22b-4e1a-91b4-68f674ee674b}
	Match value:	Equal to
	Condition value:	0x0050

	Filter Action:	%%16390","Microsoft-Windows-Security-Auditing","System.String[]","5447","10-03-2017 22:44:33","10-03-2017 22:44:33",,,
"5447","LHNR90C1HAX.am.adecco.net","System.Byte[]","844643","(13573)","13573","SuccessAudit","A Windows Filtering Platform filter has been changed.
	
Subject:
	Security ID:		S-1-5-19
	Account Name:		NT AUTHORITY\LOCAL SERVICE

Process Information:
	Process ID:	1252

Provider Information:
	ID:		{4B153735-1049-4480-AAB4-D1B9BDC03710}
	Name:		Microsoft Corporation

Change Information:
	Change Type:	%%16385

Filter Information:
	ID:		{8220B6BF-EFD7-4A7A-856A-18B7A90D9C48}
	Name:		Allow Out http traffic from WinDefend
	Type:		%%16388
	Run-Time ID:	173687

Layer Information:
	ID:		{C38D57D1-05A7-4C33-904F-7FBCEEE60E82}
	Name:		ALE Connect v4 Layer
	Run-Time ID:	48

Callout Information:
	ID:		{00000000-0000-0000-0000-000000000000}
	Name:		-

Additional Information:
	Weight:	424342768844800	
	Conditions:	
	Condition ID:	{d78e1e87-8644-4ea5-9437-d809ecefc971}
	Match value:	Equal to
	Condition value:	
    00000000  5c 00 64 00 65 00 76 00-69 00 63 00 65 00 5c 00  \.d.e.v.i.c.e.\.
    00000010  68 00 61 00 72 00 64 00-64 00 69 00 73 00 6b 00  h.a.r.d.d.i.s.k.
    00000020  76 00 6f 00 6c 00 75 00-6d 00 65 00 32 00 5c 00  v.o.l.u.m.e.2.\.
    00000030  70 00 72 00 6f 00 67 00-72 00 61 00 6d 00 20 00  p.r.o.g.r.a.m. .
    00000040  66 00 69 00 6c 00 65 00-73 00 5c 00 77 00 69 00  f.i.l.e.s.\.w.i.
    00000050  6e 00 64 00 6f 00 77 00-73 00 20 00 64 00 65 00  n.d.o.w.s. .d.e.
    00000060  66 00 65 00 6e 00 64 00-65 00 72 00 5c 00 6d 00  f.e.n.d.e.r.\.m.
    00000070  73 00 6d 00 70 00 65 00-6e 00 67 00 2e 00 65 00  s.m.p.e.n.g...e.
    00000080  78 00 65 00 00 00                                x.e...


	Condition ID:	{af043a0a-b34d-4f86-979c-c90371af6e66}
	Match value:	Equal to
	Condition value:	
O:SYG:SYD:(A;;CCRC;;;S-1-5-80-1913148863-3492339771-4165695881-2087618961-4109116736)


	Condition ID:	{3971ef2b-623e-4f9a-8cb1-6e79b806b9a7}
	Match value:	Equal to
	Condition value:	0x06

	Condition ID:	{c35a604d-d22b-4e1a-91b4-68f674ee674b}
	Match value:	Equal to
	Condition value:	0x0050

	Filter Action:	%%16390","Microsoft-Windows-Security-Auditing","System.String[]","5447","10-03-2017 22:44:33","10-03-2017 22:44:33",,,
"5447","LHNR90C1HAX.am.adecco.net","System.Byte[]","844642","(13573)","13573","SuccessAudit","A Windows Filtering Platform filter has been changed.
	
Subject:
	Security ID:		S-1-5-19
	Account Name:		NT AUTHORITY\LOCAL SERVICE

Process Information:
	Process ID:	1252

Provider Information:
	ID:		{4B153735-1049-4480-AAB4-D1B9BDC03710}
	Name:		Microsoft Corporation

Change Information:
	Change Type:	%%16385

Filter Information:
	ID:		{40C60CD9-25BF-4184-8AEE-9E33E4466216}
	Name:		Allow SSL Out traffic from WinDefend
	Type:		%%16388
	Run-Time ID:	173686

Layer Information:
	ID:		{4A72393B-319F-44BC-84C3-BA54DCB3B6B4}
	Name:		ALE Connect v6 Layer
	Run-Time ID:	50

Callout Information:
	ID:		{00000000-0000-0000-0000-000000000000}
	Name:		-

Additional Information:
	Weight:	106085692211200	
	Conditions:	
	Condition ID:	{d78e1e87-8644-4ea5-9437-d809ecefc971}
	Match value:	Equal to
	Condition value:	
    00000000  5c 00 64 00 65 00 76 00-69 00 63 00 65 00 5c 00  \.d.e.v.i.c.e.\.
    00000010  68 00 61 00 72 00 64 00-64 00 69 00 73 00 6b 00  h.a.r.d.d.i.s.k.
    00000020  76 00 6f 00 6c 00 75 00-6d 00 65 00 32 00 5c 00  v.o.l.u.m.e.2.\.
    00000030  70 00 72 00 6f 00 67 00-72 00 61 00 6d 00 20 00  p.r.o.g.r.a.m. .
    00000040  66 00 69 00 6c 00 65 00-73 00 5c 00 77 00 69 00  f.i.l.e.s.\.w.i.
    00000050  6e 00 64 00 6f 00 77 00-73 00 20 00 64 00 65 00  n.d.o.w.s. .d.e.
    00000060  66 00 65 00 6e 00 64 00-65 00 72 00 5c 00 6d 00  f.e.n.d.e.r.\.m.
    00000070  73 00 6d 00 70 00 65 00-6e 00 67 00 2e 00 65 00  s.m.p.e.n.g...e.
    00000080  78 00 65 00 00 00                                x.e...


	Condition ID:	{af043a0a-b34d-4f86-979c-c90371af6e66}
	Match value:	Equal to
	Condition value:	
O:SYG:SYD:(A;;CCRC;;;S-1-5-80-1913148863-3492339771-4165695881-2087618961-4109116736)


	Condition ID:	{3971ef2b-623e-4f9a-8cb1-6e79b806b9a7}
	Match value:	Equal to
	Condition value:	0x06

	Condition ID:	{c35a604d-d22b-4e1a-91b4-68f674ee674b}
	Match value:	Equal to
	Condition value:	0x01bb

	Filter Action:	%%16390","Microsoft-Windows-Security-Auditing","System.String[]","5447","10-03-2017 22:44:33","10-03-2017 22:44:33",,,
"5447","LHNR90C1HAX.am.adecco.net","System.Byte[]","844641","(13573)","13573","SuccessAudit","A Windows Filtering Platform filter has been changed.
	
Subject:
	Security ID:		S-1-5-19
	Account Name:		NT AUTHORITY\LOCAL SERVICE

Process Information:
	Process ID:	1252

Provider Information:
	ID:		{4B153735-1049-4480-AAB4-D1B9BDC03710}
	Name:		Microsoft Corporation

Change Information:
	Change Type:	%%16385

Filter Information:
	ID:		{14BE6EA3-0323-47A4-9646-473CA586875B}
	Name:		Allow SSL Out traffic from WinDefend
	Type:		%%16388
	Run-Time ID:	173685

Layer Information:
	ID:		{C38D57D1-05A7-4C33-904F-7FBCEEE60E82}
	Name:		ALE Connect v4 Layer
	Run-Time ID:	48

Callout Information:
	ID:		{00000000-0000-0000-0000-000000000000}
	Name:		-

Additional Information:
	Weight:	424342768844800	
	Conditions:	
	Condition ID:	{d78e1e87-8644-4ea5-9437-d809ecefc971}
	Match value:	Equal to
	Condition value:	
    00000000  5c 00 64 00 65 00 76 00-69 00 63 00 65 00 5c 00  \.d.e.v.i.c.e.\.
    00000010  68 00 61 00 72 00 64 00-64 00 69 00 73 00 6b 00  h.a.r.d.d.i.s.k.
    00000020  76 00 6f 00 6c 00 75 00-6d 00 65 00 32 00 5c 00  v.o.l.u.m.e.2.\.
    00000030  70 00 72 00 6f 00 67 00-72 00 61 00 6d 00 20 00  p.r.o.g.r.a.m. .
    00000040  66 00 69 00 6c 00 65 00-73 00 5c 00 77 00 69 00  f.i.l.e.s.\.w.i.
    00000050  6e 00 64 00 6f 00 77 00-73 00 20 00 64 00 65 00  n.d.o.w.s. .d.e.
    00000060  66 00 65 00 6e 00 64 00-65 00 72 00 5c 00 6d 00  f.e.n.d.e.r.\.m.
    00000070  73 00 6d 00 70 00 65 00-6e 00 67 00 2e 00 65 00  s.m.p.e.n.g...e.
    00000080  78 00 65 00 00 00                                x.e...


	Condition ID:	{af043a0a-b34d-4f86-979c-c90371af6e66}
	Match value:	Equal to
	Condition value:	
O:SYG:SYD:(A;;CCRC;;;S-1-5-80-1913148863-3492339771-4165695881-2087618961-4109116736)


	Condition ID:	{3971ef2b-623e-4f9a-8cb1-6e79b806b9a7}
	Match value:	Equal to
	Condition value:	0x06

	Condition ID:	{c35a604d-d22b-4e1a-91b4-68f674ee674b}
	Match value:	Equal to
	Condition value:	0x01bb

	Filter Action:	%%16390","Microsoft-Windows-Security-Auditing","System.String[]","5447","10-03-2017 22:44:33","10-03-2017 22:44:33",,,
"5447","LHNR90C1HAX.am.adecco.net","System.Byte[]","844640","(13573)","13573","SuccessAudit","A Windows Filtering Platform filter has been changed.
	
Subject:
	Security ID:		S-1-5-19
	Account Name:		NT AUTHORITY\LOCAL SERVICE

Process Information:
	Process ID:	1252

Provider Information:
	ID:		{4B153735-1049-4480-AAB4-D1B9BDC03710}
	Name:		Microsoft Corporation

Change Information:
	Change Type:	%%16385

Filter Information:
	ID:		{C77B7593-7AE6-4C96-A9D1-179751047F29}
	Name:		Allow NTP traffic from Wcmsvc
	Type:		%%16388
	Run-Time ID:	173684

Layer Information:
	ID:		{4A72393B-319F-44BC-84C3-BA54DCB3B6B4}
	Name:		ALE Connect v6 Layer
	Run-Time ID:	50

Callout Information:
	ID:		{00000000-0000-0000-0000-000000000000}
	Name:		-

Additional Information:
	Weight:	106085692211200	
	Conditions:	
	Condition ID:	{d78e1e87-8644-4ea5-9437-d809ecefc971}
	Match value:	Equal to
	Condition value:	
    00000000  5c 00 64 00 65 00 76 00-69 00 63 00 65 00 5c 00  \.d.e.v.i.c.e.\.
    00000010  68 00 61 00 72 00 64 00-64 00 69 00 73 00 6b 00  h.a.r.d.d.i.s.k.
    00000020  76 00 6f 00 6c 00 75 00-6d 00 65 00 32 00 5c 00  v.o.l.u.m.e.2.\.
    00000030  77 00 69 00 6e 00 64 00-6f 00 77 00 73 00 5c 00  w.i.n.d.o.w.s.\.
    00000040  73 00 79 00 73 00 74 00-65 00 6d 00 33 00 32 00  s.y.s.t.e.m.3.2.
    00000050  5c 00 73 00 76 00 63 00-68 00 6f 00 73 00 74 00  \.s.v.c.h.o.s.t.
    00000060  2e 00 65 00 78 00 65 00-00 00                    ..e.x.e...


	Condition ID:	{af043a0a-b34d-4f86-979c-c90371af6e66}
	Match value:	Equal to
	Condition value:	
O:SYG:SYD:(A;;CCRC;;;S-1-5-80-4155767994-3874329934-3800885181-2130851812-726865888)


	Condition ID:	{3971ef2b-623e-4f9a-8cb1-6e79b806b9a7}
	Match value:	Equal to
	Condition value:	0x11

	Condition ID:	{c35a604d-d22b-4e1a-91b4-68f674ee674b}
	Match value:	Equal to
	Condition value:	0x007b

	Filter Action:	%%16390","Microsoft-Windows-Security-Auditing","System.String[]","5447","10-03-2017 22:44:33","10-03-2017 22:44:33",,,
"5447","LHNR90C1HAX.am.adecco.net","System.Byte[]","844639","(13573)","13573","SuccessAudit","A Windows Filtering Platform filter has been changed.
	
Subject:
	Security ID:		S-1-5-19
	Account Name:		NT AUTHORITY\LOCAL SERVICE

Process Information:
	Process ID:	1252

Provider Information:
	ID:		{4B153735-1049-4480-AAB4-D1B9BDC03710}
	Name:		Microsoft Corporation

Change Information:
	Change Type:	%%16385

Filter Information:
	ID:		{39476045-133D-40F6-B38F-E81597904570}
	Name:		Allow NTP traffic from Wcmsvc
	Type:		%%16388
	Run-Time ID:	173683

Layer Information:
	ID:		{C38D57D1-05A7-4C33-904F-7FBCEEE60E82}
	Name:		ALE Connect v4 Layer
	Run-Time ID:	48

Callout Information:
	ID:		{00000000-0000-0000-0000-000000000000}
	Name:		-

Additional Information:
	Weight:	424342768844800	
	Conditions:	
	Condition ID:	{d78e1e87-8644-4ea5-9437-d809ecefc971}
	Match value:	Equal to
	Condition value:	
    00000000  5c 00 64 00 65 00 76 00-69 00 63 00 65 00 5c 00  \.d.e.v.i.c.e.\.
    00000010  68 00 61 00 72 00 64 00-64 00 69 00 73 00 6b 00  h.a.r.d.d.i.s.k.
    00000020  76 00 6f 00 6c 00 75 00-6d 00 65 00 32 00 5c 00  v.o.l.u.m.e.2.\.
    00000030  77 00 69 00 6e 00 64 00-6f 00 77 00 73 00 5c 00  w.i.n.d.o.w.s.\.
    00000040  73 00 79 00 73 00 74 00-65 00 6d 00 33 00 32 00  s.y.s.t.e.m.3.2.
    00000050  5c 00 73 00 76 00 63 00-68 00 6f 00 73 00 74 00  \.s.v.c.h.o.s.t.
    00000060  2e 00 65 00 78 00 65 00-00 00                    ..e.x.e...


	Condition ID:	{af043a0a-b34d-4f86-979c-c90371af6e66}
	Match value:	Equal to
	Condition value:	
O:SYG:SYD:(A;;CCRC;;;S-1-5-80-4155767994-3874329934-3800885181-2130851812-726865888)


	Condition ID:	{3971ef2b-623e-4f9a-8cb1-6e79b806b9a7}
	Match value:	Equal to
	Condition value:	0x11

	Condition ID:	{c35a604d-d22b-4e1a-91b4-68f674ee674b}
	Match value:	Equal to
	Condition value:	0x007b

	Filter Action:	%%16390","Microsoft-Windows-Security-Auditing","System.String[]","5447","10-03-2017 22:44:33","10-03-2017 22:44:33",,,
"5447","LHNR90C1HAX.am.adecco.net","System.Byte[]","844638","(13573)","13573","SuccessAudit","A Windows Filtering Platform filter has been changed.
	
Subject:
	Security ID:		S-1-5-19
	Account Name:		NT AUTHORITY\LOCAL SERVICE

Process Information:
	Process ID:	1252

Provider Information:
	ID:		{4B153735-1049-4480-AAB4-D1B9BDC03710}
	Name:		Microsoft Corporation

Change Information:
	Change Type:	%%16385

Filter Information:
	ID:		{9F13ED6E-8718-4B45-BB05-5E14F0262DF8}
	Name:		Allow TCP traffic from Wcmsvc
	Type:		%%16388
	Run-Time ID:	173682

Layer Information:
	ID:		{4A72393B-319F-44BC-84C3-BA54DCB3B6B4}
	Name:		ALE Connect v6 Layer
	Run-Time ID:	50

Callout Information:
	ID:		{00000000-0000-0000-0000-000000000000}
	Name:		-

Additional Information:
	Weight:	105604655874048	
	Conditions:	
	Condition ID:	{d78e1e87-8644-4ea5-9437-d809ecefc971}
	Match value:	Equal to
	Condition value:	
    00000000  5c 00 64 00 65 00 76 00-69 00 63 00 65 00 5c 00  \.d.e.v.i.c.e.\.
    00000010  68 00 61 00 72 00 64 00-64 00 69 00 73 00 6b 00  h.a.r.d.d.i.s.k.
    00000020  76 00 6f 00 6c 00 75 00-6d 00 65 00 32 00 5c 00  v.o.l.u.m.e.2.\.
    00000030  77 00 69 00 6e 00 64 00-6f 00 77 00 73 00 5c 00  w.i.n.d.o.w.s.\.
    00000040  73 00 79 00 73 00 74 00-65 00 6d 00 33 00 32 00  s.y.s.t.e.m.3.2.
    00000050  5c 00 73 00 76 00 63 00-68 00 6f 00 73 00 74 00  \.s.v.c.h.o.s.t.
    00000060  2e 00 65 00 78 00 65 00-00 00                    ..e.x.e...


	Condition ID:	{af043a0a-b34d-4f86-979c-c90371af6e66}
	Match value:	Equal to
	Condition value:	
O:SYG:SYD:(A;;CCRC;;;S-1-5-80-4155767994-3874329934-3800885181-2130851812-726865888)


	Condition ID:	{3971ef2b-623e-4f9a-8cb1-6e79b806b9a7}
	Match value:	Equal to
	Condition value:	0x06

	Filter Action:	%%16390","Microsoft-Windows-Security-Auditing","System.String[]","5447","10-03-2017 22:44:33","10-03-2017 22:44:33",,,
"5447","LHNR90C1HAX.am.adecco.net","System.Byte[]","844637","(13573)","13573","SuccessAudit","A Windows Filtering Platform filter has been changed.
	
Subject:
	Security ID:		S-1-5-19
	Account Name:		NT AUTHORITY\LOCAL SERVICE

Process Information:
	Process ID:	1252

Provider Information:
	ID:		{4B153735-1049-4480-AAB4-D1B9BDC03710}
	Name:		Microsoft Corporation

Change Information:
	Change Type:	%%16385

Filter Information:
	ID:		{0449E3D6-7412-45FB-8679-D26A8A2C94B5}
	Name:		Allow TCP traffic from Wcmsvc
	Type:		%%16388
	Run-Time ID:	173681

Layer Information:
	ID:		{C38D57D1-05A7-4C33-904F-7FBCEEE60E82}
	Name:		ALE Connect v4 Layer
	Run-Time ID:	48

Callout Information:
	ID:		{00000000-0000-0000-0000-000000000000}
	Name:		-

Additional Information:
	Weight:	422418623496192	
	Conditions:	
	Condition ID:	{d78e1e87-8644-4ea5-9437-d809ecefc971}
	Match value:	Equal to
	Condition value:	
    00000000  5c 00 64 00 65 00 76 00-69 00 63 00 65 00 5c 00  \.d.e.v.i.c.e.\.
    00000010  68 00 61 00 72 00 64 00-64 00 69 00 73 00 6b 00  h.a.r.d.d.i.s.k.
    00000020  76 00 6f 00 6c 00 75 00-6d 00 65 00 32 00 5c 00  v.o.l.u.m.e.2.\.
    00000030  77 00 69 00 6e 00 64 00-6f 00 77 00 73 00 5c 00  w.i.n.d.o.w.s.\.
    00000040  73 00 79 00 73 00 74 00-65 00 6d 00 33 00 32 00  s.y.s.t.e.m.3.2.
    00000050  5c 00 73 00 76 00 63 00-68 00 6f 00 73 00 74 00  \.s.v.c.h.o.s.t.
    00000060  2e 00 65 00 78 00 65 00-00 00                    ..e.x.e...


	Condition ID:	{af043a0a-b34d-4f86-979c-c90371af6e66}
	Match value:	Equal to
	Condition value:	
O:SYG:SYD:(A;;CCRC;;;S-1-5-80-4155767994-3874329934-3800885181-2130851812-726865888)


	Condition ID:	{3971ef2b-623e-4f9a-8cb1-6e79b806b9a7}
	Match value:	Equal to
	Condition value:	0x06

	Filter Action:	%%16390","Microsoft-Windows-Security-Auditing","System.String[]","5447","10-03-2017 22:44:33","10-03-2017 22:44:33",,,
"5447","LHNR90C1HAX.am.adecco.net","System.Byte[]","844636","(13573)","13573","SuccessAudit","A Windows Filtering Platform filter has been changed.
	
Subject:
	Security ID:		S-1-5-19
	Account Name:		NT AUTHORITY\LOCAL SERVICE

Process Information:
	Process ID:	1252

Provider Information:
	ID:		{4B153735-1049-4480-AAB4-D1B9BDC03710}
	Name:		Microsoft Corporation

Change Information:
	Change Type:	%%16385

Filter Information:
	ID:		{80A7C5A6-BACC-4919-BABA-175C21186464}
	Name:		Allow inbound RPC traffic to the Block Level Backup service (wbengine) over TCP
	Type:		%%16388
	Run-Time ID:	173680

Layer Information:
	ID:		{A3B42C97-9F04-4672-B87E-CEE9C483257F}
	Name:		ALE Receive/Accept v6 Layer
	Run-Time ID:	46

Callout Information:
	ID:		{00000000-0000-0000-0000-000000000000}
	Name:		-

Additional Information:
	Weight:	211316685930496	
	Conditions:	
	Condition ID:	{d78e1e87-8644-4ea5-9437-d809ecefc971}
	Match value:	Equal to
	Condition value:	
    00000000  5c 00 64 00 65 00 76 00-69 00 63 00 65 00 5c 00  \.d.e.v.i.c.e.\.
    00000010  68 00 61 00 72 00 64 00-64 00 69 00 73 00 6b 00  h.a.r.d.d.i.s.k.
    00000020  76 00 6f 00 6c 00 75 00-6d 00 65 00 32 00 5c 00  v.o.l.u.m.e.2.\.
    00000030  77 00 69 00 6e 00 64 00-6f 00 77 00 73 00 5c 00  w.i.n.d.o.w.s.\.
    00000040  73 00 79 00 73 00 74 00-65 00 6d 00 33 00 32 00  s.y.s.t.e.m.3.2.
    00000050  5c 00 77 00 62 00 65 00-6e 00 67 00 69 00 6e 00  \.w.b.e.n.g.i.n.
    00000060  65 00 2e 00 65 00 78 00-65 00 00 00              e...e.x.e...


	Condition ID:	{af043a0a-b34d-4f86-979c-c90371af6e66}
	Match value:	Equal to
	Condition value:	
O:SYG:SYD:(A;;CCRC;;;S-1-5-80-1549550529-11381693-4027442525-4081535042-2424139505)


	Condition ID:	{3971ef2b-623e-4f9a-8cb1-6e79b806b9a7}
	Match value:	Equal to
	Condition value:	0x06

	Condition ID:	{b9f4e088-cb98-4efb-a2c7-ad07332643db}
	Match value:	Equal to
	Condition value:	0x00000001

	Filter Action:	%%16390","Microsoft-Windows-Security-Auditing","System.String[]","5447","10-03-2017 22:44:33","10-03-2017 22:44:33",,,
"5447","LHNR90C1HAX.am.adecco.net","System.Byte[]","844635","(13573)","13573","SuccessAudit","A Windows Filtering Platform filter has been changed.
	
Subject:
	Security ID:		S-1-5-19
	Account Name:		NT AUTHORITY\LOCAL SERVICE

Process Information:
	Process ID:	1252

Provider Information:
	ID:		{4B153735-1049-4480-AAB4-D1B9BDC03710}
	Name:		Microsoft Corporation

Change Information:
	Change Type:	%%16385

Filter Information:
	ID:		{01360795-DE1A-4A99-8A17-05D442A6792C}
	Name:		Allow inbound RPC traffic to the Block Level Backup service (wbengine) over TCP
	Type:		%%16388
	Run-Time ID:	173679

Layer Information:
	ID:		{E1CD9FE7-F4B5-4273-96C0-592E487B8650}
	Name:		ALE Receive/Accept v4 Layer
	Run-Time ID:	44

Callout Information:
	ID:		{00000000-0000-0000-0000-000000000000}
	Name:		-

Additional Information:
	Weight:	1971166650564608	
	Conditions:	
	Condition ID:	{d78e1e87-8644-4ea5-9437-d809ecefc971}
	Match value:	Equal to
	Condition value:	
    00000000  5c 00 64 00 65 00 76 00-69 00 63 00 65 00 5c 00  \.d.e.v.i.c.e.\.
    00000010  68 00 61 00 72 00 64 00-64 00 69 00 73 00 6b 00  h.a.r.d.d.i.s.k.
    00000020  76 00 6f 00 6c 00 75 00-6d 00 65 00 32 00 5c 00  v.o.l.u.m.e.2.\.
    00000030  77 00 69 00 6e 00 64 00-6f 00 77 00 73 00 5c 00  w.i.n.d.o.w.s.\.
    00000040  73 00 79 00 73 00 74 00-65 00 6d 00 33 00 32 00  s.y.s.t.e.m.3.2.
    00000050  5c 00 77 00 62 00 65 00-6e 00 67 00 69 00 6e 00  \.w.b.e.n.g.i.n.
    00000060  65 00 2e 00 65 00 78 00-65 00 00 00              e...e.x.e...


	Condition ID:	{af043a0a-b34d-4f86-979c-c90371af6e66}
	Match value:	Equal to
	Condition value:	
O:SYG:SYD:(A;;CCRC;;;S-1-5-80-1549550529-11381693-4027442525-4081535042-2424139505)


	Condition ID:	{3971ef2b-623e-4f9a-8cb1-6e79b806b9a7}
	Match value:	Equal to
	Condition value:	0x06

	Condition ID:	{b9f4e088-cb98-4efb-a2c7-ad07332643db}
	Match value:	Equal to
	Condition value:	0x00000001

	Filter Action:	%%16390","Microsoft-Windows-Security-Auditing","System.String[]","5447","10-03-2017 22:44:33","10-03-2017 22:44:33",,,
"5447","LHNR90C1HAX.am.adecco.net","System.Byte[]","844634","(13573)","13573","SuccessAudit","A Windows Filtering Platform filter has been changed.
	
Subject:
	Security ID:		S-1-5-19
	Account Name:		NT AUTHORITY\LOCAL SERVICE

Process Information:
	Process ID:	1252

Provider Information:
	ID:		{4B153735-1049-4480-AAB4-D1B9BDC03710}
	Name:		Microsoft Corporation

Change Information:
	Change Type:	%%16385

Filter Information:
	ID:		{08CE43F4-F112-4E12-99AF-928271BF8448}
	Name:		Allow outbound TCP traffic for vmicheartbeat
	Type:		%%16388
	Run-Time ID:	173678

Layer Information:
	ID:		{4A72393B-319F-44BC-84C3-BA54DCB3B6B4}
	Name:		ALE Connect v6 Layer
	Run-Time ID:	50

Callout Information:
	ID:		{00000000-0000-0000-0000-000000000000}
	Name:		-

Additional Information:
	Weight:	105604655874048	
	Conditions:	
	Condition ID:	{d78e1e87-8644-4ea5-9437-d809ecefc971}
	Match value:	Equal to
	Condition value:	
    00000000  5c 00 64 00 65 00 76 00-69 00 63 00 65 00 5c 00  \.d.e.v.i.c.e.\.
    00000010  68 00 61 00 72 00 64 00-64 00 69 00 73 00 6b 00  h.a.r.d.d.i.s.k.
    00000020  76 00 6f 00 6c 00 75 00-6d 00 65 00 32 00 5c 00  v.o.l.u.m.e.2.\.
    00000030  77 00 69 00 6e 00 64 00-6f 00 77 00 73 00 5c 00  w.i.n.d.o.w.s.\.
    00000040  73 00 79 00 73 00 74 00-65 00 6d 00 33 00 32 00  s.y.s.t.e.m.3.2.
    00000050  5c 00 73 00 76 00 63 00-68 00 6f 00 73 00 74 00  \.s.v.c.h.o.s.t.
    00000060  2e 00 65 00 78 00 65 00-00 00                    ..e.x.e...


	Condition ID:	{af043a0a-b34d-4f86-979c-c90371af6e66}
	Match value:	Equal to
	Condition value:	
O:SYG:SYD:(A;;CCRC;;;S-1-5-80-534935901-3437432317-481271085-1710633381-983106267)


	Condition ID:	{3971ef2b-623e-4f9a-8cb1-6e79b806b9a7}
	Match value:	Equal to
	Condition value:	0x06

	Filter Action:	%%16390","Microsoft-Windows-Security-Auditing","System.String[]","5447","10-03-2017 22:44:33","10-03-2017 22:44:33",,,
"5447","LHNR90C1HAX.am.adecco.net","System.Byte[]","844633","(13573)","13573","SuccessAudit","A Windows Filtering Platform filter has been changed.
	
Subject:
	Security ID:		S-1-5-19
	Account Name:		NT AUTHORITY\LOCAL SERVICE

Process Information:
	Process ID:	1252

Provider Information:
	ID:		{4B153735-1049-4480-AAB4-D1B9BDC03710}
	Name:		Microsoft Corporation

Change Information:
	Change Type:	%%16385

Filter Information:
	ID:		{DF9244DA-37CF-449D-A1CB-5766CDFEC18A}
	Name:		Allow outbound TCP traffic for vmicheartbeat
	Type:		%%16388
	Run-Time ID:	173677

Layer Information:
	ID:		{C38D57D1-05A7-4C33-904F-7FBCEEE60E82}
	Name:		ALE Connect v4 Layer
	Run-Time ID:	48

Callout Information:
	ID:		{00000000-0000-0000-0000-000000000000}
	Name:		-

Additional Information:
	Weight:	422418623496192	
	Conditions:	
	Condition ID:	{d78e1e87-8644-4ea5-9437-d809ecefc971}
	Match value:	Equal to
	Condition value:	
    00000000  5c 00 64 00 65 00 76 00-69 00 63 00 65 00 5c 00  \.d.e.v.i.c.e.\.
    00000010  68 00 61 00 72 00 64 00-64 00 69 00 73 00 6b 00  h.a.r.d.d.i.s.k.
    00000020  76 00 6f 00 6c 00 75 00-6d 00 65 00 32 00 5c 00  v.o.l.u.m.e.2.\.
    00000030  77 00 69 00 6e 00 64 00-6f 00 77 00 73 00 5c 00  w.i.n.d.o.w.s.\.
    00000040  73 00 79 00 73 00 74 00-65 00 6d 00 33 00 32 00  s.y.s.t.e.m.3.2.
    00000050  5c 00 73 00 76 00 63 00-68 00 6f 00 73 00 74 00  \.s.v.c.h.o.s.t.
    00000060  2e 00 65 00 78 00 65 00-00 00                    ..e.x.e...


	Condition ID:	{af043a0a-b34d-4f86-979c-c90371af6e66}
	Match value:	Equal to
	Condition value:	
O:SYG:SYD:(A;;CCRC;;;S-1-5-80-534935901-3437432317-481271085-1710633381-983106267)


	Condition ID:	{3971ef2b-623e-4f9a-8cb1-6e79b806b9a7}
	Match value:	Equal to
	Condition value:	0x06

	Filter Action:	%%16390","Microsoft-Windows-Security-Auditing","System.String[]","5447","10-03-2017 22:44:33","10-03-2017 22:44:33",,,
"5447","LHNR90C1HAX.am.adecco.net","System.Byte[]","844632","(13573)","13573","SuccessAudit","A Windows Filtering Platform filter has been changed.
	
Subject:
	Security ID:		S-1-5-19
	Account Name:		NT AUTHORITY\LOCAL SERVICE

Process Information:
	Process ID:	1252

Provider Information:
	ID:		{4B153735-1049-4480-AAB4-D1B9BDC03710}
	Name:		Microsoft Corporation

Change Information:
	Change Type:	%%16385

Filter Information:
	ID:		{95055E08-9A86-431E-96EB-2A65E185F17A}
	Name:		Allow inbound TCP port 636 traffic for vmicheartbeat
	Type:		%%16388
	Run-Time ID:	173676

Layer Information:
	ID:		{A3B42C97-9F04-4672-B87E-CEE9C483257F}
	Name:		ALE Receive/Accept v6 Layer
	Run-Time ID:	46

Callout Information:
	ID:		{00000000-0000-0000-0000-000000000000}
	Name:		-

Additional Information:
	Weight:	246496763052032	
	Conditions:	
	Condition ID:	{d78e1e87-8644-4ea5-9437-d809ecefc971}
	Match value:	Equal to
	Condition value:	
    00000000  5c 00 64 00 65 00 76 00-69 00 63 00 65 00 5c 00  \.d.e.v.i.c.e.\.
    00000010  68 00 61 00 72 00 64 00-64 00 69 00 73 00 6b 00  h.a.r.d.d.i.s.k.
    00000020  76 00 6f 00 6c 00 75 00-6d 00 65 00 32 00 5c 00  v.o.l.u.m.e.2.\.
    00000030  77 00 69 00 6e 00 64 00-6f 00 77 00 73 00 5c 00  w.i.n.d.o.w.s.\.
    00000040  73 00 79 00 73 00 74 00-65 00 6d 00 33 00 32 00  s.y.s.t.e.m.3.2.
    00000050  5c 00 73 00 76 00 63 00-68 00 6f 00 73 00 74 00  \.s.v.c.h.o.s.t.
    00000060  2e 00 65 00 78 00 65 00-00 00                    ..e.x.e...


	Condition ID:	{af043a0a-b34d-4f86-979c-c90371af6e66}
	Match value:	Equal to
	Condition value:	
O:SYG:SYD:(A;;CCRC;;;S-1-5-80-534935901-3437432317-481271085-1710633381-983106267)


	Condition ID:	{0c1ba1af-5765-453f-af22-a8f791ac775b}
	Match value:	Equal to
	Condition value:	0x027c

	Condition ID:	{3971ef2b-623e-4f9a-8cb1-6e79b806b9a7}
	Match value:	Equal to
	Condition value:	0x06

	Filter Action:	%%16390","Microsoft-Windows-Security-Auditing","System.String[]","5447","10-03-2017 22:44:33","10-03-2017 22:44:33",,,
"5447","LHNR90C1HAX.am.adecco.net","System.Byte[]","844631","(13573)","13573","SuccessAudit","A Windows Filtering Platform filter has been changed.
	
Subject:
	Security ID:		S-1-5-19
	Account Name:		NT AUTHORITY\LOCAL SERVICE

Process Information:
	Process ID:	1252

Provider Information:
	ID:		{4B153735-1049-4480-AAB4-D1B9BDC03710}
	Name:		Microsoft Corporation

Change Information:
	Change Type:	%%16385

Filter Information:
	ID:		{411B628C-34EB-41AE-941F-84887BD91232}
	Name:		Allow inbound TCP port 636 traffic for vmicheartbeat
	Type:		%%16388
	Run-Time ID:	173675

Layer Information:
	ID:		{E1CD9FE7-F4B5-4273-96C0-592E487B8650}
	Name:		ALE Receive/Accept v4 Layer
	Run-Time ID:	44

Callout Information:
	ID:		{00000000-0000-0000-0000-000000000000}
	Name:		-

Additional Information:
	Weight:	2111886959050752	
	Conditions:	
	Condition ID:	{d78e1e87-8644-4ea5-9437-d809ecefc971}
	Match value:	Equal to
	Condition value:	
    00000000  5c 00 64 00 65 00 76 00-69 00 63 00 65 00 5c 00  \.d.e.v.i.c.e.\.
    00000010  68 00 61 00 72 00 64 00-64 00 69 00 73 00 6b 00  h.a.r.d.d.i.s.k.
    00000020  76 00 6f 00 6c 00 75 00-6d 00 65 00 32 00 5c 00  v.o.l.u.m.e.2.\.
    00000030  77 00 69 00 6e 00 64 00-6f 00 77 00 73 00 5c 00  w.i.n.d.o.w.s.\.
    00000040  73 00 79 00 73 00 74 00-65 00 6d 00 33 00 32 00  s.y.s.t.e.m.3.2.
    00000050  5c 00 73 00 76 00 63 00-68 00 6f 00 73 00 74 00  \.s.v.c.h.o.s.t.
    00000060  2e 00 65 00 78 00 65 00-00 00                    ..e.x.e...


	Condition ID:	{af043a0a-b34d-4f86-979c-c90371af6e66}
	Match value:	Equal to
	Condition value:	
O:SYG:SYD:(A;;CCRC;;;S-1-5-80-534935901-3437432317-481271085-1710633381-983106267)


	Condition ID:	{0c1ba1af-5765-453f-af22-a8f791ac775b}
	Match value:	Equal to
	Condition value:	0x027c

	Condition ID:	{3971ef2b-623e-4f9a-8cb1-6e79b806b9a7}
	Match value:	Equal to
	Condition value:	0x06

	Filter Action:	%%16390","Microsoft-Windows-Security-Auditing","System.String[]","5447","10-03-2017 22:44:33","10-03-2017 22:44:33",,,
"5447","LHNR90C1HAX.am.adecco.net","System.Byte[]","844630","(13573)","13573","SuccessAudit","A Windows Filtering Platform filter has been changed.
	
Subject:
	Security ID:		S-1-5-19
	Account Name:		NT AUTHORITY\LOCAL SERVICE

Process Information:
	Process ID:	1252

Provider Information:
	ID:		{4B153735-1049-4480-AAB4-D1B9BDC03710}
	Name:		Microsoft Corporation

Change Information:
	Change Type:	%%16385

Filter Information:
	ID:		{99349162-7DA7-43A4-B44C-D0312FAF8F60}
	Name:		Allow inbound TCP port 389 traffic for vmicheartbeat
	Type:		%%16388
	Run-Time ID:	173674

Layer Information:
	ID:		{A3B42C97-9F04-4672-B87E-CEE9C483257F}
	Name:		ALE Receive/Accept v6 Layer
	Run-Time ID:	46

Callout Information:
	ID:		{00000000-0000-0000-0000-000000000000}
	Name:		-

Additional Information:
	Weight:	246496763052032	
	Conditions:	
	Condition ID:	{d78e1e87-8644-4ea5-9437-d809ecefc971}
	Match value:	Equal to
	Condition value:	
    00000000  5c 00 64 00 65 00 76 00-69 00 63 00 65 00 5c 00  \.d.e.v.i.c.e.\.
    00000010  68 00 61 00 72 00 64 00-64 00 69 00 73 00 6b 00  h.a.r.d.d.i.s.k.
    00000020  76 00 6f 00 6c 00 75 00-6d 00 65 00 32 00 5c 00  v.o.l.u.m.e.2.\.
    00000030  77 00 69 00 6e 00 64 00-6f 00 77 00 73 00 5c 00  w.i.n.d.o.w.s.\.
    00000040  73 00 79 00 73 00 74 00-65 00 6d 00 33 00 32 00  s.y.s.t.e.m.3.2.
    00000050  5c 00 73 00 76 00 63 00-68 00 6f 00 73 00 74 00  \.s.v.c.h.o.s.t.
    00000060  2e 00 65 00 78 00 65 00-00 00                    ..e.x.e...


	Condition ID:	{af043a0a-b34d-4f86-979c-c90371af6e66}
	Match value:	Equal to
	Condition value:	
O:SYG:SYD:(A;;CCRC;;;S-1-5-80-534935901-3437432317-481271085-1710633381-983106267)


	Condition ID:	{0c1ba1af-5765-453f-af22-a8f791ac775b}
	Match value:	Equal to
	Condition value:	0x0185

	Condition ID:	{3971ef2b-623e-4f9a-8cb1-6e79b806b9a7}
	Match value:	Equal to
	Condition value:	0x06

	Filter Action:	%%16390","Microsoft-Windows-Security-Auditing","System.String[]","5447","10-03-2017 22:44:33","10-03-2017 22:44:33",,,
"5447","LHNR90C1HAX.am.adecco.net","System.Byte[]","844629","(13573)","13573","SuccessAudit","A Windows Filtering Platform filter has been changed.
	
Subject:
	Security ID:		S-1-5-19
	Account Name:		NT AUTHORITY\LOCAL SERVICE

Process Information:
	Process ID:	1252

Provider Information:
	ID:		{4B153735-1049-4480-AAB4-D1B9BDC03710}
	Name:		Microsoft Corporation

Change Information:
	Change Type:	%%16385

Filter Information:
	ID:		{3F7356D5-F2F8-4CFF-9CFB-65A02F46AEEB}
	Name:		Allow inbound TCP port 389 traffic for vmicheartbeat
	Type:		%%16388
	Run-Time ID:	173673

Layer Information:
	ID:		{E1CD9FE7-F4B5-4273-96C0-592E487B8650}
	Name:		ALE Receive/Accept v4 Layer
	Run-Time ID:	44

Callout Information:
	ID:		{00000000-0000-0000-0000-000000000000}
	Name:		-

Additional Information:
	Weight:	2111886959050752	
	Conditions:	
	Condition ID:	{d78e1e87-8644-4ea5-9437-d809ecefc971}
	Match value:	Equal to
	Condition value:	
    00000000  5c 00 64 00 65 00 76 00-69 00 63 00 65 00 5c 00  \.d.e.v.i.c.e.\.
    00000010  68 00 61 00 72 00 64 00-64 00 69 00 73 00 6b 00  h.a.r.d.d.i.s.k.
    00000020  76 00 6f 00 6c 00 75 00-6d 00 65 00 32 00 5c 00  v.o.l.u.m.e.2.\.
    00000030  77 00 69 00 6e 00 64 00-6f 00 77 00 73 00 5c 00  w.i.n.d.o.w.s.\.
    00000040  73 00 79 00 73 00 74 00-65 00 6d 00 33 00 32 00  s.y.s.t.e.m.3.2.
    00000050  5c 00 73 00 76 00 63 00-68 00 6f 00 73 00 74 00  \.s.v.c.h.o.s.t.
    00000060  2e 00 65 00 78 00 65 00-00 00                    ..e.x.e...


	Condition ID:	{af043a0a-b34d-4f86-979c-c90371af6e66}
	Match value:	Equal to
	Condition value:	
O:SYG:SYD:(A;;CCRC;;;S-1-5-80-534935901-3437432317-481271085-1710633381-983106267)


	Condition ID:	{0c1ba1af-5765-453f-af22-a8f791ac775b}
	Match value:	Equal to
	Condition value:	0x0185

	Condition ID:	{3971ef2b-623e-4f9a-8cb1-6e79b806b9a7}
	Match value:	Equal to
	Condition value:	0x06

	Filter Action:	%%16390","Microsoft-Windows-Security-Auditing","System.String[]","5447","10-03-2017 22:44:33","10-03-2017 22:44:33",,,
